[20:33:28] [main/INFO]: ModLauncher running: args [--username, putedgyname, --version, forge-40.1.51, --gameDir, C:\Users\laure\curseforge\minecraft\Instances\Better Minecraft [FORGE] - 1.18.2 (1) (1), --assetsDir, C:\Users\laure\curseforge\minecraft\Install\assets, --assetIndex, 1.18, --uuid, 1d4651799d0641a486d37d29803af6f2, --accessToken, ????????, --clientId, MDhjN2NmZGEtZDk2OC00NDdhLTgxNGUtZGEyYzQ2M2U3ZjAx, --xuid, 2535468278550631, --userType, msa, --versionType, release, --width, 1024, --height, 768, --launchTarget, forgeclient, --fml.forgeVersion, 40.1.51, --fml.mcVersion, 1.18.2, --fml.forgeGroup, net.minecraftforge, --fml.mcpVersion, 20220404.173914]
[20:33:28] [main/INFO]: ModLauncher 9.1.3+9.1.3+main.9b69c82a starting: java version 17.0.1 by Microsoft
[20:33:28] [main/INFO]: SpongePowered MIXIN Subsystem Version=0.8.5 Source=union:/C:/Users/laure/curseforge/minecraft/Install/libraries/org/spongepowered/mixin/0.8.5/mixin-0.8.5.jar%2314!/ Service=ModLauncher Env=CLIENT
[20:33:28] [main/INFO]: Found mod file 3dskinlayers-forge-1.4.6-mc1.18.2.jar of type MOD with locator {mods folder locator at C:\Users\laure\curseforge\minecraft\Instances\Better Minecraft [FORGE] - 1.18.2 (1) (1)\mods}
[20:33:28] [main/INFO]: Found mod file absentbydesign-1.18.2-1.6.2.jar of type MOD with locator {mods folder locator at C:\Users\laure\curseforge\minecraft\Instances\Better Minecraft [FORGE] - 1.18.2 (1) (1)\mods}
[20:33:28] [main/INFO]: Found mod file additionaladditions-4.0.3.jar of type MOD with locator {mods folder locator at C:\Users\laure\curseforge\minecraft\Instances\Better Minecraft [FORGE] - 1.18.2 (1) (1)\mods}
[20:33:28] [main/INFO]: Found mod file AdditionalBanners-Forge-1.18.2-7.0.4.jar of type MOD with locator {mods folder locator at C:\Users\laure\curseforge\minecraft\Instances\Better Minecraft [FORGE] - 1.18.2 (1) (1)\mods}
[20:33:28] [main/INFO]: Found mod file additionalbars-3.0.1-beta+1.18.2.jar of type MOD with locator {mods folder locator at C:\Users\laure\curseforge\minecraft\Instances\Better Minecraft [FORGE] - 1.18.2 (1) (1)\mods}
[20:33:28] [main/INFO]: Found mod file additionallanterns-1.0.1-mc1.18.jar of type MOD with locator {mods folder locator at C:\Users\laure\curseforge\minecraft\Instances\Better Minecraft [FORGE] - 1.18.2 (1) (1)\mods}
[20:33:28] [main/INFO]: Found mod file Adorn-3.5.0+1.18.2-forge.jar of type MOD with locator {mods folder locator at C:\Users\laure\curseforge\minecraft\Instances\Better Minecraft [FORGE] - 1.18.2 (1) (1)\mods}
[20:33:28] [main/INFO]: Found mod file AI-Improvements-1.18.2-0.5.0.jar of type MOD with locator {mods folder locator at C:\Users\laure\curseforge\minecraft\Instances\Better Minecraft [FORGE] - 1.18.2 (1) (1)\mods}
[20:33:28] [main/INFO]: Found mod file AkashicTome-1.5-20.jar of type MOD with locator {mods folder locator at C:\Users\laure\curseforge\minecraft\Instances\Better Minecraft [FORGE] - 1.18.2 (1) (1)\mods}
[20:33:28] [main/INFO]: Found mod file alexsmobs-1.18.3.jar of type MOD with locator {mods folder locator at C:\Users\laure\curseforge\minecraft\Instances\Better Minecraft [FORGE] - 1.18.2 (1) (1)\mods}
[20:33:28] [main/INFO]: Found mod file another_furniture-1.18.2-1.0.3.jar of type MOD with locator {mods folder locator at C:\Users\laure\curseforge\minecraft\Instances\Better Minecraft [FORGE] - 1.18.2 (1) (1)\mods}
[20:33:28] [main/INFO]: Found mod file Aquaculture-1.18.2-2.3.6.jar of type MOD with locator {mods folder locator at C:\Users\laure\curseforge\minecraft\Instances\Better Minecraft [FORGE] - 1.18.2 (1) (1)\mods}
[20:33:28] [main/INFO]: Found mod file architectury-4.4.68.jar of type MOD with locator {mods folder locator at C:\Users\laure\curseforge\minecraft\Instances\Better Minecraft [FORGE] - 1.18.2 (1) (1)\mods}
[20:33:28] [main/INFO]: Found mod file AttributeFix-Forge-1.18.2-14.0.2.jar of type MOD with locator {mods folder locator at C:\Users\laure\curseforge\minecraft\Instances\Better Minecraft [FORGE] - 1.18.2 (1) (1)\mods}
[20:33:28] [main/INFO]: Found mod file AutoRegLib-1.7-53.jar of type MOD with locator {mods folder locator at C:\Users\laure\curseforge\minecraft\Instances\Better Minecraft [FORGE] - 1.18.2 (1) (1)\mods}
[20:33:28] [main/INFO]: Found mod file auudio_forge_1.0.3_MC_1.18-1.18.2.jar of type MOD with locator {mods folder locator at C:\Users\laure\curseforge\minecraft\Instances\Better Minecraft [FORGE] - 1.18.2 (1) (1)\mods}
[20:33:28] [main/INFO]: Found mod file backpacked-2.1.6-1.18.2.jar of type MOD with locator {mods folder locator at C:\Users\laure\curseforge\minecraft\Instances\Better Minecraft [FORGE] - 1.18.2 (1) (1)\mods}
[20:33:28] [main/INFO]: Found mod file BadMobs-1.18.2-13.01.jar of type MOD with locator {mods folder locator at C:\Users\laure\curseforge\minecraft\Instances\Better Minecraft [FORGE] - 1.18.2 (1) (1)\mods}
[20:33:28] [main/INFO]: Found mod file balm-3.0.3+0.jar of type MOD with locator {mods folder locator at C:\Users\laure\curseforge\minecraft\Instances\Better Minecraft [FORGE] - 1.18.2 (1) (1)\mods}
[20:33:28] [main/INFO]: Found mod file bambooeverything-1.2.7-build.14+mc1.18.2.jar of type MOD with locator {mods folder locator at C:\Users\laure\curseforge\minecraft\Instances\Better Minecraft [FORGE] - 1.18.2 (1) (1)\mods}
[20:33:28] [main/INFO]: Found mod file BetterAdvancements-1.18.2-0.1.2.125.jar of type MOD with locator {mods folder locator at C:\Users\laure\curseforge\minecraft\Instances\Better Minecraft [FORGE] - 1.18.2 (1) (1)\mods}
[20:33:28] [main/INFO]: Found mod file BetterCompatibilityChecker-1.1.14-build.26+mc1.18.2.jar of type MOD with locator {mods folder locator at C:\Users\laure\curseforge\minecraft\Instances\Better Minecraft [FORGE] - 1.18.2 (1) (1)\mods}
[20:33:28] [main/INFO]: Found mod file BetterF3-1.2.5-Forge-1.18.2.jar of type MOD with locator {mods folder locator at C:\Users\laure\curseforge\minecraft\Instances\Better Minecraft [FORGE] - 1.18.2 (1) (1)\mods}
[20:33:28] [main/INFO]: Found mod file BetterModsButton-v3.2.2-1.18.2-Forge.jar of type MOD with locator {mods folder locator at C:\Users\laure\curseforge\minecraft\Instances\Better Minecraft [FORGE] - 1.18.2 (1) (1)\mods}
[20:33:28] [main/INFO]: Found mod file BetterShieldsMC1.18.1-1.0.1.jar of type MOD with locator {mods folder locator at C:\Users\laure\curseforge\minecraft\Instances\Better Minecraft [FORGE] - 1.18.2 (1) (1)\mods}
[20:33:28] [main/INFO]: Found mod file BetterThirdPerson-Forge-1.18.2-1.7.3.jar of type MOD with locator {mods folder locator at C:\Users\laure\curseforge\minecraft\Instances\Better Minecraft [FORGE] - 1.18.2 (1) (1)\mods}
[20:33:28] [main/INFO]: Found mod file BH-Menu-1.18.2-1.3.jar of type MOD with locator {mods folder locator at C:\Users\laure\curseforge\minecraft\Instances\Better Minecraft [FORGE] - 1.18.2 (1) (1)\mods}
[20:33:28] [main/INFO]: Found mod file biomeinfo-1.18.2-1.4.jar of type MOD with locator {mods folder locator at C:\Users\laure\curseforge\minecraft\Instances\Better Minecraft [FORGE] - 1.18.2 (1) (1)\mods}
[20:33:28] [main/INFO]: Found mod file biomemakeover-FORGE-1.18.2-1.4.23.jar of type MOD with locator {mods folder locator at C:\Users\laure\curseforge\minecraft\Instances\Better Minecraft [FORGE] - 1.18.2 (1) (1)\mods}
[20:33:28] [main/INFO]: Found mod file Blocks + 1.18.1 - 1.4.jar of type MOD with locator {mods folder locator at C:\Users\laure\curseforge\minecraft\Instances\Better Minecraft [FORGE] - 1.18.2 (1) (1)\mods}
[20:33:28] [main/INFO]: Found mod file blockui-1.18.2-0.0.47-ALPHA.jar of type MOD with locator {mods folder locator at C:\Users\laure\curseforge\minecraft\Instances\Better Minecraft [FORGE] - 1.18.2 (1) (1)\mods}
[20:33:28] [main/INFO]: Found mod file blue_skies-1.18.2-1.3.12.jar of type MOD with locator {mods folder locator at C:\Users\laure\curseforge\minecraft\Instances\Better Minecraft [FORGE] - 1.18.2 (1) (1)\mods}
[20:33:28] [main/INFO]: Found mod file blueprint-1.18.2-5.3.2.jar of type MOD with locator {mods folder locator at C:\Users\laure\curseforge\minecraft\Instances\Better Minecraft [FORGE] - 1.18.2 (1) (1)\mods}
[20:33:28] [main/INFO]: Found mod file Bookshelf-Forge-1.18.2-13.0.13.jar of type MOD with locator {mods folder locator at C:\Users\laure\curseforge\minecraft\Instances\Better Minecraft [FORGE] - 1.18.2 (1) (1)\mods}
[20:33:28] [main/INFO]: Found mod file bygonenether-1.1.2-1.18.2.jar of type MOD with locator {mods folder locator at C:\Users\laure\curseforge\minecraft\Instances\Better Minecraft [FORGE] - 1.18.2 (1) (1)\mods}
[20:33:28] [main/INFO]: Found mod file caelus-forge-1.18.1-3.0.0.2.jar of type MOD with locator {mods folder locator at C:\Users\laure\curseforge\minecraft\Instances\Better Minecraft [FORGE] - 1.18.2 (1) (1)\mods}
[20:33:28] [main/INFO]: Found mod file carryon-1.18.2-1.17.0.8.jar of type MOD with locator {mods folder locator at C:\Users\laure\curseforge\minecraft\Instances\Better Minecraft [FORGE] - 1.18.2 (1) (1)\mods}
[20:33:28] [main/INFO]: Found mod file Cataclysm-0.18 -congfig fix.jar of type MOD with locator {mods folder locator at C:\Users\laure\curseforge\minecraft\Instances\Better Minecraft [FORGE] - 1.18.2 (1) (1)\mods}
[20:33:28] [main/INFO]: Found mod file cftlc-1.0.1+1.18.2.jar of type MOD with locator {mods folder locator at C:\Users\laure\curseforge\minecraft\Instances\Better Minecraft [FORGE] - 1.18.2 (1) (1)\mods}
[20:33:28] [main/INFO]: Found mod file cherishedworlds-forge-1.18-5.1.1.0.jar of type MOD with locator {mods folder locator at C:\Users\laure\curseforge\minecraft\Instances\Better Minecraft [FORGE] - 1.18.2 (1) (1)\mods}
[20:33:28] [main/INFO]: Found mod file chipped-1.18.2-1.2.1-forge.jar of type MOD with locator {mods folder locator at C:\Users\laure\curseforge\minecraft\Instances\Better Minecraft [FORGE] - 1.18.2 (1) (1)\mods}
[20:33:28] [main/INFO]: Found mod file citadel-1.11.3-1.18.2.jar of type MOD with locator {mods folder locator at C:\Users\laure\curseforge\minecraft\Instances\Better Minecraft [FORGE] - 1.18.2 (1) (1)\mods}
[20:33:28] [main/INFO]: Found mod file clienttweaks-forge-1.18.1-7.1.0.jar of type MOD with locator {mods folder locator at C:\Users\laure\curseforge\minecraft\Instances\Better Minecraft [FORGE] - 1.18.2 (1) (1)\mods}
[20:33:28] [main/INFO]: Found mod file cloth-config-6.2.62-forge.jar of type MOD with locator {mods folder locator at C:\Users\laure\curseforge\minecraft\Instances\Better Minecraft [FORGE] - 1.18.2 (1) (1)\mods}
[20:33:28] [main/INFO]: Found mod file Clumps-forge-1.18.2-8.0.0+8.jar of type MOD with locator {mods folder locator at C:\Users\laure\curseforge\minecraft\Instances\Better Minecraft [FORGE] - 1.18.2 (1) (1)\mods}
[20:33:28] [main/INFO]: Found mod file collective-1.18.2-4.25.jar of type MOD with locator {mods folder locator at C:\Users\laure\curseforge\minecraft\Instances\Better Minecraft [FORGE] - 1.18.2 (1) (1)\mods}
[20:33:28] [main/INFO]: Found mod file comforts-forge-1.18.2-5.0.0.4.jar of type MOD with locator {mods folder locator at C:\Users\laure\curseforge\minecraft\Instances\Better Minecraft [FORGE] - 1.18.2 (1) (1)\mods}
[20:33:28] [main/INFO]: Found mod file ConfigMenusForge-v3.2.0-1.18.2-Forge.jar of type MOD with locator {mods folder locator at C:\Users\laure\curseforge\minecraft\Instances\Better Minecraft [FORGE] - 1.18.2 (1) (1)\mods}
[20:33:28] [main/INFO]: Found mod file Controlling-forge-1.18.2-9.0+19.jar of type MOD with locator {mods folder locator at C:\Users\laure\curseforge\minecraft\Instances\Better Minecraft [FORGE] - 1.18.2 (1) (1)\mods}
[20:33:28] [main/INFO]: Found mod file corail_woodcutter-1.18.2-2.3.3.jar of type MOD with locator {mods folder locator at C:\Users\laure\curseforge\minecraft\Instances\Better Minecraft [FORGE] - 1.18.2 (1) (1)\mods}
[20:33:28] [main/INFO]: Found mod file corpse-1.18.2-1.0.1.jar of type MOD with locator {mods folder locator at C:\Users\laure\curseforge\minecraft\Instances\Better Minecraft [FORGE] - 1.18.2 (1) (1)\mods}
[20:33:28] [main/INFO]: Found mod file CraftTweaker-forge-1.18.2-9.1.143.jar of type MOD with locator {mods folder locator at C:\Users\laure\curseforge\minecraft\Instances\Better Minecraft [FORGE] - 1.18.2 (1) (1)\mods}
[20:33:28] [main/INFO]: Found mod file creeperoverhaul-1.18.2-1.3.0-forge.jar of type MOD with locator {mods folder locator at C:\Users\laure\curseforge\minecraft\Instances\Better Minecraft [FORGE] - 1.18.2 (1) (1)\mods}
[20:33:28] [main/INFO]: Found mod file culturaldelights-1.18.2-0.11.jar of type MOD with locator {mods folder locator at C:\Users\laure\curseforge\minecraft\Instances\Better Minecraft [FORGE] - 1.18.2 (1) (1)\mods}
[20:33:28] [main/INFO]: Found mod file curioofundying-forge-1.18-5.3.0.0.jar of type MOD with locator {mods folder locator at C:\Users\laure\curseforge\minecraft\Instances\Better Minecraft [FORGE] - 1.18.2 (1) (1)\mods}
[20:33:28] [main/INFO]: Found mod file curios-forge-1.18.2-5.0.7.0.jar of type MOD with locator {mods folder locator at C:\Users\laure\curseforge\minecraft\Instances\Better Minecraft [FORGE] - 1.18.2 (1) (1)\mods}
[20:33:28] [main/INFO]: Found mod file curiouselytra-forge-1.18.1-5.0.1.0.jar of type MOD with locator {mods folder locator at C:\Users\laure\curseforge\minecraft\Instances\Better Minecraft [FORGE] - 1.18.2 (1) (1)\mods}
[20:33:28] [main/INFO]: Found mod file curiouslights-forge-1.1.0+1.18.2.jar of type MOD with locator {mods folder locator at C:\Users\laure\curseforge\minecraft\Instances\Better Minecraft [FORGE] - 1.18.2 (1) (1)\mods}
[20:33:28] [main/INFO]: Found mod file DarkPaintings-Forge-1.18.2-10.0.3.jar of type MOD with locator {mods folder locator at C:\Users\laure\curseforge\minecraft\Instances\Better Minecraft [FORGE] - 1.18.2 (1) (1)\mods}
[20:33:28] [main/INFO]: Found mod file Decorative Blocks-forge-1.18.2-2.1.0.jar of type MOD with locator {mods folder locator at C:\Users\laure\curseforge\minecraft\Instances\Better Minecraft [FORGE] - 1.18.2 (1) (1)\mods}
[20:33:28] [main/INFO]: Found mod file DeleteWorldsToTrash-v3.2.0-1.18.2-Forge.jar of type MOD with locator {mods folder locator at C:\Users\laure\curseforge\minecraft\Instances\Better Minecraft [FORGE] - 1.18.2 (1) (1)\mods}
[20:33:28] [main/INFO]: Found mod file domum_ornamentum-1.18.2-1.0.50-ALPHA-universal.jar of type MOD with locator {mods folder locator at C:\Users\laure\curseforge\minecraft\Instances\Better Minecraft [FORGE] - 1.18.2 (1) (1)\mods}
[20:33:28] [main/INFO]: Found mod file dragonmounts-1.18.2-BETA_1.1.0b1.jar of type MOD with locator {mods folder locator at C:\Users\laure\curseforge\minecraft\Instances\Better Minecraft [FORGE] - 1.18.2 (1) (1)\mods}
[20:33:28] [main/INFO]: Found mod file drippyloadingscreen_forge_1.6.2_MC_1.18-1.18.2.jar of type MOD with locator {mods folder locator at C:\Users\laure\curseforge\minecraft\Instances\Better Minecraft [FORGE] - 1.18.2 (1) (1)\mods}
[20:33:28] [main/INFO]: Found mod file duckling-1.0.5-forge.jar of type MOD with locator {mods folder locator at C:\Users\laure\curseforge\minecraft\Instances\Better Minecraft [FORGE] - 1.18.2 (1) (1)\mods}
[20:33:28] [main/INFO]: Found mod file DungeonsArise-1.18.2-2.1.50d-beta.jar of type MOD with locator {mods folder locator at C:\Users\laure\curseforge\minecraft\Instances\Better Minecraft [FORGE] - 1.18.2 (1) (1)\mods}
[20:33:28] [main/INFO]: Found mod file dynamic_asset_generator-forge-1.18.2-0.6.3.jar of type MOD with locator {mods folder locator at C:\Users\laure\curseforge\minecraft\Instances\Better Minecraft [FORGE] - 1.18.2 (1) (1)\mods}
[20:33:28] [main/INFO]: Found mod file dynamiclightsreforged-1.18.2_v1.3.1.jar of type MOD with locator {mods folder locator at C:\Users\laure\curseforge\minecraft\Instances\Better Minecraft [FORGE] - 1.18.2 (1) (1)\mods}
[20:33:28] [main/INFO]: Found mod file EarthMobs-1.18.2-1.0.0.jar of type MOD with locator {mods folder locator at C:\Users\laure\curseforge\minecraft\Instances\Better Minecraft [FORGE] - 1.18.2 (1) (1)\mods}
[20:33:28] [main/INFO]: Found mod file EasyMagic-v3.3.0-1.18.2-Forge.jar of type MOD with locator {mods folder locator at C:\Users\laure\curseforge\minecraft\Instances\Better Minecraft [FORGE] - 1.18.2 (1) (1)\mods}
[20:33:28] [main/INFO]: Found mod file EasyShulkerBoxes-v3.1.1-1.18.2-Forge.jar of type MOD with locator {mods folder locator at C:\Users\laure\curseforge\minecraft\Instances\Better Minecraft [FORGE] - 1.18.2 (1) (1)\mods}
[20:33:28] [main/INFO]: Found mod file ecologics-FORGE-1.18.2-1.6.7.jar of type MOD with locator {mods folder locator at C:\Users\laure\curseforge\minecraft\Instances\Better Minecraft [FORGE] - 1.18.2 (1) (1)\mods}
[20:33:28] [main/INFO]: Found mod file elevatorid-1.18.2-1.8.4.jar of type MOD with locator {mods folder locator at C:\Users\laure\curseforge\minecraft\Instances\Better Minecraft [FORGE] - 1.18.2 (1) (1)\mods}
[20:33:28] [main/INFO]: Found mod file EnchantmentDescriptions-Forge-1.18.2-10.0.3.jar of type MOD with locator {mods folder locator at C:\Users\laure\curseforge\minecraft\Instances\Better Minecraft [FORGE] - 1.18.2 (1) (1)\mods}
[20:33:28] [main/INFO]: Found mod file enchantwithmob-1.18.2-4.1.0.jar of type MOD with locator {mods folder locator at C:\Users\laure\curseforge\minecraft\Instances\Better Minecraft [FORGE] - 1.18.2 (1) (1)\mods}
[20:33:28] [main/INFO]: Found mod file Enhanced_Celestials-forge-1.18.2-2.0.7.jar of type MOD with locator {mods folder locator at C:\Users\laure\curseforge\minecraft\Instances\Better Minecraft [FORGE] - 1.18.2 (1) (1)\mods}
[20:33:28] [main/INFO]: Found mod file Enlightened End BB V1.3.jar of type MOD with locator {mods folder locator at C:\Users\laure\curseforge\minecraft\Instances\Better Minecraft [FORGE] - 1.18.2 (1) (1)\mods}
[20:33:28] [main/INFO]: Found mod file entityculling-forge-mc1.18-1.5.1.jar of type MOD with locator {mods folder locator at C:\Users\laure\curseforge\minecraft\Instances\Better Minecraft [FORGE] - 1.18.2 (1) (1)\mods}
[20:33:28] [main/INFO]: Found mod file EquipmentCompare-1.18.1-1.2.12.jar of type MOD with locator {mods folder locator at C:\Users\laure\curseforge\minecraft\Instances\Better Minecraft [FORGE] - 1.18.2 (1) (1)\mods}
[20:33:28] [main/INFO]: Found mod file excavated_variants-forge-1.18.2-0.6.2.jar of type MOD with locator {mods folder locator at C:\Users\laure\curseforge\minecraft\Instances\Better Minecraft [FORGE] - 1.18.2 (1) (1)\mods}
[20:33:28] [main/INFO]: Found mod file Fallingleaves-1.18.2-1.3.2.jar of type MOD with locator {mods folder locator at C:\Users\laure\curseforge\minecraft\Instances\Better Minecraft [FORGE] - 1.18.2 (1) (1)\mods}
[20:33:28] [main/INFO]: Found mod file FallingTree-1.18.2-3.5.1.jar of type MOD with locator {mods folder locator at C:\Users\laure\curseforge\minecraft\Instances\Better Minecraft [FORGE] - 1.18.2 (1) (1)\mods}
[20:33:28] [main/INFO]: Found mod file fancymenu_forge_2.7.2_MC_1.18.2.jar of type MOD with locator {mods folder locator at C:\Users\laure\curseforge\minecraft\Instances\Better Minecraft [FORGE] - 1.18.2 (1) (1)\mods}
[20:33:28] [main/INFO]: Found mod file FarmersDelight-1.18.2-1.1.1.jar of type MOD with locator {mods folder locator at C:\Users\laure\curseforge\minecraft\Instances\Better Minecraft [FORGE] - 1.18.2 (1) (1)\mods}
[20:33:28] [main/INFO]: Found mod file FarmersRespite-1.18.2-1.2.0.jar of type MOD with locator {mods folder locator at C:\Users\laure\curseforge\minecraft\Instances\Better Minecraft [FORGE] - 1.18.2 (1) (1)\mods}
[20:33:28] [main/INFO]: Found mod file feature_nbt_deadlock_be_gone_forge-2.0.0+1.18.2.jar of type MOD with locator {mods folder locator at C:\Users\laure\curseforge\minecraft\Instances\Better Minecraft [FORGE] - 1.18.2 (1) (1)\mods}
[20:33:28] [main/INFO]: Found mod file ferritecore-4.2.1-forge.jar of type MOD with locator {mods folder locator at C:\Users\laure\curseforge\minecraft\Instances\Better Minecraft [FORGE] - 1.18.2 (1) (1)\mods}
[20:33:28] [main/INFO]: Found mod file forgottenrecipes-forge-1.18.1-1.0.0.jar of type MOD with locator {mods folder locator at C:\Users\laure\curseforge\minecraft\Instances\Better Minecraft [FORGE] - 1.18.2 (1) (1)\mods}
[20:33:28] [main/INFO]: Found mod file friendsandfoes-forge-mc1.18.2-1.4.0.jar of type MOD with locator {mods folder locator at C:\Users\laure\curseforge\minecraft\Instances\Better Minecraft [FORGE] - 1.18.2 (1) (1)\mods}
[20:33:28] [main/INFO]: Found mod file ftb-chunks-forge-1802.3.6-build.145.jar of type MOD with locator {mods folder locator at C:\Users\laure\curseforge\minecraft\Instances\Better Minecraft [FORGE] - 1.18.2 (1) (1)\mods}
[20:33:28] [main/INFO]: Found mod file ftb-library-forge-1802.3.6-build.119.jar of type MOD with locator {mods folder locator at C:\Users\laure\curseforge\minecraft\Instances\Better Minecraft [FORGE] - 1.18.2 (1) (1)\mods}
[20:33:28] [main/INFO]: Found mod file ftb-quests-forge-1802.3.8-build.101.jar of type MOD with locator {mods folder locator at C:\Users\laure\curseforge\minecraft\Instances\Better Minecraft [FORGE] - 1.18.2 (1) (1)\mods}
[20:33:28] [main/INFO]: Found mod file ftb-teams-forge-1802.2.6-build.51.jar of type MOD with locator {mods folder locator at C:\Users\laure\curseforge\minecraft\Instances\Better Minecraft [FORGE] - 1.18.2 (1) (1)\mods}
[20:33:28] [main/INFO]: Found mod file geckolib-1.18-forge-3.0.18.jar of type MOD with locator {mods folder locator at C:\Users\laure\curseforge\minecraft\Instances\Better Minecraft [FORGE] - 1.18.2 (1) (1)\mods}
[20:33:28] [main/INFO]: Found mod file Geode+_v1.0.1+1.18.2.jar of type MOD with locator {mods folder locator at C:\Users\laure\curseforge\minecraft\Instances\Better Minecraft [FORGE] - 1.18.2 (1) (1)\mods}
[20:33:28] [main/INFO]: Found mod file goblintraders-1.7.2-1.18.2.jar of type MOD with locator {mods folder locator at C:\Users\laure\curseforge\minecraft\Instances\Better Minecraft [FORGE] - 1.18.2 (1) (1)\mods}
[20:33:28] [main/INFO]: Found mod file guardvillagers-1.18.2.1.4.2.jar of type MOD with locator {mods folder locator at C:\Users\laure\curseforge\minecraft\Instances\Better Minecraft [FORGE] - 1.18.2 (1) (1)\mods}
[20:33:28] [main/INFO]: Found mod file Highlighter-1.18.1-1.1.2.jar of type MOD with locator {mods folder locator at C:\Users\laure\curseforge\minecraft\Instances\Better Minecraft [FORGE] - 1.18.2 (1) (1)\mods}
[20:33:28] [main/INFO]: Found mod file HunterIllager-1.18.2-4.0.1.jar of type MOD with locator {mods folder locator at C:\Users\laure\curseforge\minecraft\Instances\Better Minecraft [FORGE] - 1.18.2 (1) (1)\mods}
[20:33:28] [main/INFO]: Found mod file Iceberg-1.18.2-1.0.44.jar of type MOD with locator {mods folder locator at C:\Users\laure\curseforge\minecraft\Instances\Better Minecraft [FORGE] - 1.18.2 (1) (1)\mods}
[20:33:28] [main/INFO]: Found mod file Illager Plushies 1.1.5 1.18.2.jar of type MOD with locator {mods folder locator at C:\Users\laure\curseforge\minecraft\Instances\Better Minecraft [FORGE] - 1.18.2 (1) (1)\mods}
[20:33:28] [main/INFO]: Found mod file illagersweararmor-1.1.5.jar of type MOD with locator {mods folder locator at C:\Users\laure\curseforge\minecraft\Instances\Better Minecraft [FORGE] - 1.18.2 (1) (1)\mods}
[20:33:28] [main/INFO]: Found mod file immersive_weathering-1.18.2-1.2.10.jar of type MOD with locator {mods folder locator at C:\Users\laure\curseforge\minecraft\Instances\Better Minecraft [FORGE] - 1.18.2 (1) (1)\mods}
[20:33:28] [main/INFO]: Found mod file incontrol-1.18-6.0.9.jar of type MOD with locator {mods folder locator at C:\Users\laure\curseforge\minecraft\Instances\Better Minecraft [FORGE] - 1.18.2 (1) (1)\mods}
[20:33:28] [main/INFO]: Found mod file InventoryHud_[1.18].forge-3.4.4.jar of type MOD with locator {mods folder locator at C:\Users\laure\curseforge\minecraft\Instances\Better Minecraft [FORGE] - 1.18.2 (1) (1)\mods}
[20:33:28] [main/INFO]: Found mod file item-filters-forge-1802.2.7-build.27.jar of type MOD with locator {mods folder locator at C:\Users\laure\curseforge\minecraft\Instances\Better Minecraft [FORGE] - 1.18.2 (1) (1)\mods}
[20:33:28] [main/INFO]: Found mod file Jade-1.18.2-5.2.0.jar of type MOD with locator {mods folder locator at C:\Users\laure\curseforge\minecraft\Instances\Better Minecraft [FORGE] - 1.18.2 (1) (1)\mods}
[20:33:28] [main/INFO]: Found mod file jeed-1.18.2-1.10.jar of type MOD with locator {mods folder locator at C:\Users\laure\curseforge\minecraft\Instances\Better Minecraft [FORGE] - 1.18.2 (1) (1)\mods}
[20:33:28] [main/INFO]: Found mod file jei-1.18.2-9.7.0.196.jar of type MOD with locator {mods folder locator at C:\Users\laure\curseforge\minecraft\Instances\Better Minecraft [FORGE] - 1.18.2 (1) (1)\mods}
[20:33:28] [main/INFO]: Found mod file JEIEnchantmentInfo-1.17.1-2.0.0.jar of type MOD with locator {mods folder locator at C:\Users\laure\curseforge\minecraft\Instances\Better Minecraft [FORGE] - 1.18.2 (1) (1)\mods}
[20:33:28] [main/INFO]: Found mod file JEITweaker-1.18.2-3.0.0.8.jar of type MOD with locator {mods folder locator at C:\Users\laure\curseforge\minecraft\Instances\Better Minecraft [FORGE] - 1.18.2 (1) (1)\mods}
[20:33:28] [main/INFO]: Found mod file JER-Integration-3.3.1.jar of type MOD with locator {mods folder locator at C:\Users\laure\curseforge\minecraft\Instances\Better Minecraft [FORGE] - 1.18.2 (1) (1)\mods}
[20:33:28] [main/INFO]: Found mod file JustEnoughProfessions-1.18.2-1.2.2.jar of type MOD with locator {mods folder locator at C:\Users\laure\curseforge\minecraft\Instances\Better Minecraft [FORGE] - 1.18.2 (1) (1)\mods}
[20:33:28] [main/INFO]: Found mod file JustEnoughResources-1.18.2-0.14.1.170.jar of type MOD with locator {mods folder locator at C:\Users\laure\curseforge\minecraft\Instances\Better Minecraft [FORGE] - 1.18.2 (1) (1)\mods}
[20:33:28] [main/INFO]: Found mod file kleeslabs-forge-1.18.1-11.1.0.jar of type MOD with locator {mods folder locator at C:\Users\laure\curseforge\minecraft\Instances\Better Minecraft [FORGE] - 1.18.2 (1) (1)\mods}
[20:33:28] [main/INFO]: Found mod file konkrete_forge_1.3.3_MC_1.18-1.18.1.jar of type MOD with locator {mods folder locator at C:\Users\laure\curseforge\minecraft\Instances\Better Minecraft [FORGE] - 1.18.2 (1) (1)\mods}
[20:33:28] [main/INFO]: Found mod file kotlinforforge-3.3.2-obf.jar of type LANGPROVIDER with locator {mods folder locator at C:\Users\laure\curseforge\minecraft\Instances\Better Minecraft [FORGE] - 1.18.2 (1) (1)\mods}
[20:33:28] [main/INFO]: Found mod file lazydfu-1.0-1.18+.jar of type MOD with locator {mods folder locator at C:\Users\laure\curseforge\minecraft\Instances\Better Minecraft [FORGE] - 1.18.2 (1) (1)\mods}
[20:33:28] [main/INFO]: Found mod file MagnumTorch-v3.1.3-1.18.2-Forge.jar of type MOD with locator {mods folder locator at C:\Users\laure\curseforge\minecraft\Instances\Better Minecraft [FORGE] - 1.18.2 (1) (1)\mods}
[20:33:28] [main/INFO]: Found mod file mavm-forge-1.18.1-1.0.7a.jar of type MOD with locator {mods folder locator at C:\Users\laure\curseforge\minecraft\Instances\Better Minecraft [FORGE] - 1.18.2 (1) (1)\mods}
[20:33:28] [main/INFO]: Found mod file MerchantMarkers-1.18.2-1.2.0.jar of type MOD with locator {mods folder locator at C:\Users\laure\curseforge\minecraft\Instances\Better Minecraft [FORGE] - 1.18.2 (1) (1)\mods}
[20:33:28] [main/INFO]: Found mod file minecolonies-1.18.2-1.0.737-RELEASE.jar of type MOD with locator {mods folder locator at C:\Users\laure\curseforge\minecraft\Instances\Better Minecraft [FORGE] - 1.18.2 (1) (1)\mods}
[20:33:28] [main/INFO]: Found mod file More Babies-forge-1.18.1-0.5.2.jar of type MOD with locator {mods folder locator at C:\Users\laure\curseforge\minecraft\Instances\Better Minecraft [FORGE] - 1.18.2 (1) (1)\mods}
[20:33:28] [main/INFO]: Found mod file morevillagers-FORGE-1.18.2-3.2.0.jar of type MOD with locator {mods folder locator at C:\Users\laure\curseforge\minecraft\Instances\Better Minecraft [FORGE] - 1.18.2 (1) (1)\mods}
[20:33:28] [main/INFO]: Found mod file MouseTweaks-forge-mc1.18-2.21.jar of type MOD with locator {mods folder locator at C:\Users\laure\curseforge\minecraft\Instances\Better Minecraft [FORGE] - 1.18.2 (1) (1)\mods}
[20:33:28] [main/INFO]: Found mod file multi-piston-1.18.2-1.2.13-ALPHA (1).jar of type MOD with locator {mods folder locator at C:\Users\laure\curseforge\minecraft\Instances\Better Minecraft [FORGE] - 1.18.2 (1) (1)\mods}
[20:33:28] [main/INFO]: Found mod file NaturesCompass-1.18.2-1.9.5-forge.jar of type MOD with locator {mods folder locator at C:\Users\laure\curseforge\minecraft\Instances\Better Minecraft [FORGE] - 1.18.2 (1) (1)\mods}
[20:33:28] [main/INFO]: Found mod file NekosEnchantedBooks-1.18.2-1.7.0.jar of type MOD with locator {mods folder locator at C:\Users\laure\curseforge\minecraft\Instances\Better Minecraft [FORGE] - 1.18.2 (1) (1)\mods}
[20:33:28] [main/INFO]: Found mod file netherportalfix-forge-1.18-9.0.0.jar of type MOD with locator {mods folder locator at C:\Users\laure\curseforge\minecraft\Instances\Better Minecraft [FORGE] - 1.18.2 (1) (1)\mods}
[20:33:28] [main/INFO]: Found mod file NethersDelight-1.18.2-2.2.0.jar of type MOD with locator {mods folder locator at C:\Users\laure\curseforge\minecraft\Instances\Better Minecraft [FORGE] - 1.18.2 (1) (1)\mods}
[20:33:28] [main/INFO]: Found mod file notenoughanimations-forge-1.6.0-mc1.18.2.jar of type MOD with locator {mods folder locator at C:\Users\laure\curseforge\minecraft\Instances\Better Minecraft [FORGE] - 1.18.2 (1) (1)\mods}
[20:33:28] [main/INFO]: Found mod file NourishedNetherV12.jar of type MOD with locator {mods folder locator at C:\Users\laure\curseforge\minecraft\Instances\Better Minecraft [FORGE] - 1.18.2 (1) (1)\mods}
[20:33:28] [main/INFO]: Found mod file oculus-mc1.18.2-1.2.4.jar of type MOD with locator {mods folder locator at C:\Users\laure\curseforge\minecraft\Instances\Better Minecraft [FORGE] - 1.18.2 (1) (1)\mods}
[20:33:28] [main/INFO]: Found mod file Oh_The_Biomes_You'll_Go-forge-1.18.2-1.4-RC-21.jar of type MOD with locator {mods folder locator at C:\Users\laure\curseforge\minecraft\Instances\Better Minecraft [FORGE] - 1.18.2 (1) (1)\mods}
[20:33:28] [main/INFO]: Found mod file Paintings-forge-1.18.2-9.1.2.1.jar of type MOD with locator {mods folder locator at C:\Users\laure\curseforge\minecraft\Instances\Better Minecraft [FORGE] - 1.18.2 (1) (1)\mods}
[20:33:28] [main/INFO]: Found mod file Patchouli-1.18.2-67.jar of type MOD with locator {mods folder locator at C:\Users\laure\curseforge\minecraft\Instances\Better Minecraft [FORGE] - 1.18.2 (1) (1)\mods}
[20:33:28] [main/INFO]: Found mod file Paxi-1.18.2-Forge-2.0.jar of type MOD with locator {mods folder locator at C:\Users\laure\curseforge\minecraft\Instances\Better Minecraft [FORGE] - 1.18.2 (1) (1)\mods}
[20:33:28] [main/INFO]: Found mod file PickUpNotifier-v3.2.0-1.18.2-Forge.jar of type MOD with locator {mods folder locator at C:\Users\laure\curseforge\minecraft\Instances\Better Minecraft [FORGE] - 1.18.2 (1) (1)\mods}
[20:33:28] [main/INFO]: Found mod file pigsteel-1.18.2-3.1.0.jar of type MOD with locator {mods folder locator at C:\Users\laure\curseforge\minecraft\Instances\Better Minecraft [FORGE] - 1.18.2 (1) (1)\mods}
[20:33:28] [main/INFO]: Found mod file polymorph-forge-1.18.2-0.44.jar of type MOD with locator {mods folder locator at C:\Users\laure\curseforge\minecraft\Instances\Better Minecraft [FORGE] - 1.18.2 (1) (1)\mods}
[20:33:28] [main/INFO]: Found mod file PuzzlesLib-v3.3.5-1.18.2-Forge.jar of type MOD with locator {mods folder locator at C:\Users\laure\curseforge\minecraft\Instances\Better Minecraft [FORGE] - 1.18.2 (1) (1)\mods}
[20:33:28] [main/INFO]: Found mod file Quark-3.2-357.jar of type MOD with locator {mods folder locator at C:\Users\laure\curseforge\minecraft\Instances\Better Minecraft [FORGE] - 1.18.2 (1) (1)\mods}
[20:33:28] [main/INFO]: Found mod file radium-0.7.10.jar of type MOD with locator {mods folder locator at C:\Users\laure\curseforge\minecraft\Instances\Better Minecraft [FORGE] - 1.18.2 (1) (1)\mods}
[20:33:28] [main/INFO]: Found mod file radon-0.8.1.jar of type MOD with locator {mods folder locator at C:\Users\laure\curseforge\minecraft\Instances\Better Minecraft [FORGE] - 1.18.2 (1) (1)\mods}
[20:33:28] [main/INFO]: Found mod file repurposed_structures_forge-5.1.14+1.18.2.jar of type MOD with locator {mods folder locator at C:\Users\laure\curseforge\minecraft\Instances\Better Minecraft [FORGE] - 1.18.2 (1) (1)\mods}
[20:33:28] [main/INFO]: Found mod file revampedwolf-1.18.2-1.2.0.jar of type MOD with locator {mods folder locator at C:\Users\laure\curseforge\minecraft\Instances\Better Minecraft [FORGE] - 1.18.2 (1) (1)\mods}
[20:33:28] [main/INFO]: Found mod file Rex's-AdditionalStructures-1.18.2-(v.3.0.3).jar of type MOD with locator {mods folder locator at C:\Users\laure\curseforge\minecraft\Instances\Better Minecraft [FORGE] - 1.18.2 (1) (1)\mods}
[20:33:28] [main/INFO]: Found mod file rubidium-0.5.2a.jar of type MOD with locator {mods folder locator at C:\Users\laure\curseforge\minecraft\Instances\Better Minecraft [FORGE] - 1.18.2 (1) (1)\mods}
[20:33:28] [main/INFO]: Found mod file rubidium_extras-1.18.2_v1.3.1.jar of type MOD with locator {mods folder locator at C:\Users\laure\curseforge\minecraft\Instances\Better Minecraft [FORGE] - 1.18.2 (1) (1)\mods}
[20:33:28] [main/INFO]: Found mod file Runelic-Forge-1.18.2-11.0.1.jar of type MOD with locator {mods folder locator at C:\Users\laure\curseforge\minecraft\Instances\Better Minecraft [FORGE] - 1.18.2 (1) (1)\mods}
[20:33:28] [main/INFO]: Found mod file selene-1.18.2-1.16.3.jar of type MOD with locator {mods folder locator at C:\Users\laure\curseforge\minecraft\Instances\Better Minecraft [FORGE] - 1.18.2 (1) (1)\mods}
[20:33:28] [main/INFO]: Found mod file SereneSeasons-1.18.2-7.0.0.15.jar of type MOD with locator {mods folder locator at C:\Users\laure\curseforge\minecraft\Instances\Better Minecraft [FORGE] - 1.18.2 (1) (1)\mods}
[20:33:28] [main/INFO]: Found mod file simple-rpc-1.18.2-3.0.1.jar of type MOD with locator {mods folder locator at C:\Users\laure\curseforge\minecraft\Instances\Better Minecraft [FORGE] - 1.18.2 (1) (1)\mods}
[20:33:28] [main/INFO]: Found mod file simpleshops-1.2.1.jar of type MOD with locator {mods folder locator at C:\Users\laure\curseforge\minecraft\Instances\Better Minecraft [FORGE] - 1.18.2 (1) (1)\mods}
[20:33:28] [main/INFO]: Found mod file SimpleStorageNetwork-1.18.2-1.6.1.jar of type MOD with locator {mods folder locator at C:\Users\laure\curseforge\minecraft\Instances\Better Minecraft [FORGE] - 1.18.2 (1) (1)\mods}
[20:33:28] [main/INFO]: Found mod file skinned_lanterns-1.18.2-1.3.4.jar of type MOD with locator {mods folder locator at C:\Users\laure\curseforge\minecraft\Instances\Better Minecraft [FORGE] - 1.18.2 (1) (1)\mods}
[20:33:28] [main/INFO]: Found mod file Snow_Pig-1.18.2-4.2.0.jar of type MOD with locator {mods folder locator at C:\Users\laure\curseforge\minecraft\Instances\Better Minecraft [FORGE] - 1.18.2 (1) (1)\mods}
[20:33:28] [main/INFO]: Found mod file snowyspirit-1.18.2-1.3.1.jar of type MOD with locator {mods folder locator at C:\Users\laure\curseforge\minecraft\Instances\Better Minecraft [FORGE] - 1.18.2 (1) (1)\mods}
[20:33:28] [main/INFO]: Found mod file snuffles-1.0.2.jar of type MOD with locator {mods folder locator at C:\Users\laure\curseforge\minecraft\Instances\Better Minecraft [FORGE] - 1.18.2 (1) (1)\mods}
[20:33:28] [main/INFO]: Found mod file spark-1.9.1-forge.jar of type MOD with locator {mods folder locator at C:\Users\laure\curseforge\minecraft\Instances\Better Minecraft [FORGE] - 1.18.2 (1) (1)\mods}
[20:33:28] [main/INFO]: Found mod file Spirit-forge-1.18.2-1.3.0.jar of type MOD with locator {mods folder locator at C:\Users\laure\curseforge\minecraft\Instances\Better Minecraft [FORGE] - 1.18.2 (1) (1)\mods}
[20:33:28] [main/INFO]: Found mod file stalwart-dungeons-1.18.2-1.2.2.jar of type MOD with locator {mods folder locator at C:\Users\laure\curseforge\minecraft\Instances\Better Minecraft [FORGE] - 1.18.2 (1) (1)\mods}
[20:33:28] [main/INFO]: Found mod file starterkit_1.18.2-3.2.jar of type MOD with locator {mods folder locator at C:\Users\laure\curseforge\minecraft\Instances\Better Minecraft [FORGE] - 1.18.2 (1) (1)\mods}
[20:33:28] [main/INFO]: Found mod file Steve's_Vanilla_v0.3.9+1.18.2.jar of type MOD with locator {mods folder locator at C:\Users\laure\curseforge\minecraft\Instances\Better Minecraft [FORGE] - 1.18.2 (1) (1)\mods}
[20:33:28] [main/INFO]: Found mod file structure_gel-1.18.2-2.4.3.jar of type MOD with locator {mods folder locator at C:\Users\laure\curseforge\minecraft\Instances\Better Minecraft [FORGE] - 1.18.2 (1) (1)\mods}
[20:33:28] [main/INFO]: Found mod file structurize-1.18.2-1.0.402-BETA.jar of type MOD with locator {mods folder locator at C:\Users\laure\curseforge\minecraft\Instances\Better Minecraft [FORGE] - 1.18.2 (1) (1)\mods}
[20:33:28] [main/INFO]: Found mod file supermartijn642corelib-1.0.18-forge-mc1.18.jar of type MOD with locator {mods folder locator at C:\Users\laure\curseforge\minecraft\Instances\Better Minecraft [FORGE] - 1.18.2 (1) (1)\mods}
[20:33:28] [main/INFO]: Found mod file supplementaries-1.18.2-1.4.0.jar of type MOD with locator {mods folder locator at C:\Users\laure\curseforge\minecraft\Instances\Better Minecraft [FORGE] - 1.18.2 (1) (1)\mods}
[20:33:28] [main/INFO]: Found mod file TerraBlender-forge-1.18.2-1.1.0.101.jar of type MOD with locator {mods folder locator at C:\Users\laure\curseforge\minecraft\Instances\Better Minecraft [FORGE] - 1.18.2 (1) (1)\mods}
[20:33:28] [main/INFO]: Found mod file the-conjurer-1.18.2-1.1.1.jar of type MOD with locator {mods folder locator at C:\Users\laure\curseforge\minecraft\Instances\Better Minecraft [FORGE] - 1.18.2 (1) (1)\mods}
[20:33:28] [main/INFO]: Found mod file The_Graveyard_1.8_(FORGE)_for_1.18.2.jar of type MOD with locator {mods folder locator at C:\Users\laure\curseforge\minecraft\Instances\Better Minecraft [FORGE] - 1.18.2 (1) (1)\mods}
[20:33:28] [main/INFO]: Found mod file ThisRocks-1.18.2-1.0.2.jar of type MOD with locator {mods folder locator at C:\Users\laure\curseforge\minecraft\Instances\Better Minecraft [FORGE] - 1.18.2 (1) (1)\mods}
[20:33:28] [main/INFO]: Found mod file TradingPost-v3.2.0-1.18.2-Forge.jar of type MOD with locator {mods folder locator at C:\Users\laure\curseforge\minecraft\Instances\Better Minecraft [FORGE] - 1.18.2 (1) (1)\mods}
[20:33:28] [main/INFO]: Found mod file twigs-forge-1.1.4-patch3+1.18.2.jar of type MOD with locator {mods folder locator at C:\Users\laure\curseforge\minecraft\Instances\Better Minecraft [FORGE] - 1.18.2 (1) (1)\mods}
[20:33:28] [main/INFO]: Found mod file UniversalBoneMeal-v3.0.5-1.18.2-Forge.jar of type MOD with locator {mods folder locator at C:\Users\laure\curseforge\minecraft\Instances\Better Minecraft [FORGE] - 1.18.2 (1) (1)\mods}
[20:33:28] [main/INFO]: Found mod file upgradedcore-1.18.2-3.2.0.0-release.jar of type MOD with locator {mods folder locator at C:\Users\laure\curseforge\minecraft\Instances\Better Minecraft [FORGE] - 1.18.2 (1) (1)\mods}
[20:33:28] [main/INFO]: Found mod file upgradednetherite-1.18.2-4.2.0.6-release.jar of type MOD with locator {mods folder locator at C:\Users\laure\curseforge\minecraft\Instances\Better Minecraft [FORGE] - 1.18.2 (1) (1)\mods}
[20:33:28] [main/INFO]: Found mod file upgradednetherite_items-1.18.2-3.2.0.0-release.jar of type MOD with locator {mods folder locator at C:\Users\laure\curseforge\minecraft\Instances\Better Minecraft [FORGE] - 1.18.2 (1) (1)\mods}
[20:33:28] [main/INFO]: Found mod file upgradednetherite_ultimate-1.18.2-3.2.0.1-release.jar of type MOD with locator {mods folder locator at C:\Users\laure\curseforge\minecraft\Instances\Better Minecraft [FORGE] - 1.18.2 (1) (1)\mods}
[20:33:28] [main/INFO]: Found mod file veinmining-forge-1.18.2-0.18.jar of type MOD with locator {mods folder locator at C:\Users\laure\curseforge\minecraft\Instances\Better Minecraft [FORGE] - 1.18.2 (1) (1)\mods}
[20:33:28] [main/INFO]: Found mod file verdure-1.18.2-1.1.2.jar of type MOD with locator {mods folder locator at C:\Users\laure\curseforge\minecraft\Instances\Better Minecraft [FORGE] - 1.18.2 (1) (1)\mods}
[20:33:28] [main/INFO]: Found mod file village-employment-1.18.2-1.5.1.jar of type MOD with locator {mods folder locator at C:\Users\laure\curseforge\minecraft\Instances\Better Minecraft [FORGE] - 1.18.2 (1) (1)\mods}
[20:33:28] [main/INFO]: Found mod file villagernames_1.18.2-3.5.jar of type MOD with locator {mods folder locator at C:\Users\laure\curseforge\minecraft\Instances\Better Minecraft [FORGE] - 1.18.2 (1) (1)\mods}
[20:33:28] [main/INFO]: Found mod file villagertools-1.18-1.0.2.jar of type MOD with locator {mods folder locator at C:\Users\laure\curseforge\minecraft\Instances\Better Minecraft [FORGE] - 1.18.2 (1) (1)\mods}
[20:33:28] [main/INFO]: Found mod file VisualWorkbench-v3.3.0-1.18.2-Forge.jar of type MOD with locator {mods folder locator at C:\Users\laure\curseforge\minecraft\Instances\Better Minecraft [FORGE] - 1.18.2 (1) (1)\mods}
[20:33:28] [main/INFO]: Found mod file voidtotem-forge-1.18.2-1.3.1.jar of type MOD with locator {mods folder locator at C:\Users\laure\curseforge\minecraft\Instances\Better Minecraft [FORGE] - 1.18.2 (1) (1)\mods}
[20:33:28] [main/INFO]: Found mod file warden_and_sculk-2.0.0.jar of type MOD with locator {mods folder locator at C:\Users\laure\curseforge\minecraft\Instances\Better Minecraft [FORGE] - 1.18.2 (1) (1)\mods}
[20:33:28] [main/INFO]: Found mod file waystones-forge-1.18.2-10.0.0.jar of type MOD with locator {mods folder locator at C:\Users\laure\curseforge\minecraft\Instances\Better Minecraft [FORGE] - 1.18.2 (1) (1)\mods}
[20:33:28] [main/INFO]: Found mod file Xaeros_Minimap_22.8.2_Forge_1.18.2.jar of type MOD with locator {mods folder locator at C:\Users\laure\curseforge\minecraft\Instances\Better Minecraft [FORGE] - 1.18.2 (1) (1)\mods}
[20:33:28] [main/INFO]: Found mod file XaerosWorldMap_1.22.0_Forge_1.18.2.jar of type MOD with locator {mods folder locator at C:\Users\laure\curseforge\minecraft\Instances\Better Minecraft [FORGE] - 1.18.2 (1) (1)\mods}
[20:33:28] [main/INFO]: Found mod file xptome-1.18.2-2.1.5.jar of type MOD with locator {mods folder locator at C:\Users\laure\curseforge\minecraft\Instances\Better Minecraft [FORGE] - 1.18.2 (1) (1)\mods}
[20:33:28] [main/INFO]: Found mod file YungsApi-1.18.2-Forge-2.0.8.jar of type MOD with locator {mods folder locator at C:\Users\laure\curseforge\minecraft\Instances\Better Minecraft [FORGE] - 1.18.2 (1) (1)\mods}
[20:33:28] [main/INFO]: Found mod file YungsBetterDungeons-1.18.2-Forge-2.1.0.jar of type MOD with locator {mods folder locator at C:\Users\laure\curseforge\minecraft\Instances\Better Minecraft [FORGE] - 1.18.2 (1) (1)\mods}
[20:33:28] [main/INFO]: Found mod file YungsBetterMineshafts-1.18.2-Forge-2.1.3.jar of type MOD with locator {mods folder locator at C:\Users\laure\curseforge\minecraft\Instances\Better Minecraft [FORGE] - 1.18.2 (1) (1)\mods}
[20:33:28] [main/INFO]: Found mod file YungsBetterStrongholds-1.18.2-Forge-2.1.1.jar of type MOD with locator {mods folder locator at C:\Users\laure\curseforge\minecraft\Instances\Better Minecraft [FORGE] - 1.18.2 (1) (1)\mods}
[20:33:28] [main/INFO]: Found mod file YungsBridges-1.18.2-Forge-2.1.0.jar of type MOD with locator {mods folder locator at C:\Users\laure\curseforge\minecraft\Instances\Better Minecraft [FORGE] - 1.18.2 (1) (1)\mods}
[20:33:28] [main/INFO]: Found mod file YungsExtras-1.18.2-Forge-2.1.0.jar of type MOD with locator {mods folder locator at C:\Users\laure\curseforge\minecraft\Instances\Better Minecraft [FORGE] - 1.18.2 (1) (1)\mods}
[20:33:28] [main/INFO]: Found mod file fmlcore-1.18.2-40.1.51.jar of type LIBRARY with locator net.minecraftforge.fml.loading.moddiscovery.MinecraftLocator@12f3afb5
[20:33:28] [main/INFO]: Found mod file javafmllanguage-1.18.2-40.1.51.jar of type LANGPROVIDER with locator net.minecraftforge.fml.loading.moddiscovery.MinecraftLocator@12f3afb5
[20:33:28] [main/INFO]: Found mod file lowcodelanguage-1.18.2-40.1.51.jar of type LANGPROVIDER with locator net.minecraftforge.fml.loading.moddiscovery.MinecraftLocator@12f3afb5
[20:33:28] [main/INFO]: Found mod file mclanguage-1.18.2-40.1.51.jar of type LANGPROVIDER with locator net.minecraftforge.fml.loading.moddiscovery.MinecraftLocator@12f3afb5
[20:33:28] [main/INFO]: Found mod file client-1.18.2-20220404.173914-srg.jar of type MOD with locator net.minecraftforge.fml.loading.moddiscovery.MinecraftLocator@12f3afb5
[20:33:28] [main/INFO]: Found mod file forge-1.18.2-40.1.51-universal.jar of type MOD with locator net.minecraftforge.fml.loading.moddiscovery.MinecraftLocator@12f3afb5
[20:33:29] [main/ERROR]: Missing mandatory dependencies: structurize
[20:33:31] [main/INFO]: Compatibility level set to JAVA_17
[20:33:31] [main/ERROR]: Mixin config dynamiclightsreforged.mixins.json does not specify "minVersion" property
[20:33:31] [main/ERROR]: Mixin config mixins.oculus.compat.sodium.json does not specify "minVersion" property
[20:33:31] [main/ERROR]: Mixin config radium.mixins.json does not specify "minVersion" property
[20:33:31] [main/ERROR]: Mixin config radon.mixins.json does not specify "minVersion" property
[20:33:31] [main/ERROR]: Mixin config rubidium.mixins.json does not specify "minVersion" property
[20:33:31] [main/INFO]: Launching target 'forgeclient' with arguments [--version, forge-40.1.51, --gameDir, C:\Users\laure\curseforge\minecraft\Instances\Better Minecraft [FORGE] - 1.18.2 (1) (1), --assetsDir, C:\Users\laure\curseforge\minecraft\Install\assets, --uuid, 1d4651799d0641a486d37d29803af6f2, --username, putedgyname, --assetIndex, 1.18, --accessToken, ????????, --clientId, MDhjN2NmZGEtZDk2OC00NDdhLTgxNGUtZGEyYzQ2M2U3ZjAx, --xuid, 2535468278550631, --userType, msa, --versionType, release, --width, 1024, --height, 768]
[20:33:31] [main/WARN]: Reference map 'farmersrespite.refmap.json' for farmersrespite.mixins.json could not be read. If this is a development environment you can ignore this message
[20:33:31] [main/WARN]: Reference map 'nethersdelight.refmap.json' for nethersdelight.mixins.json could not be read. If this is a development environment you can ignore this message
[20:33:31] [main/INFO]: Loaded configuration file for Radium: 100 options available, 1 override(s) found
[20:33:31] [main/INFO]: Trying to switch memory allocators to work around memory leaks present with Jemalloc 5.0.0 through 5.2.0 on Windows
[20:33:31] [main/INFO]: Loaded configuration file for Rubidium: 29 options available, 0 override(s) found
[20:33:31] [main/WARN]: Reference map 'yungsbridges.refmap.json' for yungsbridges.mixins.json could not be read. If this is a development environment you can ignore this message
[20:33:31] [main/WARN]: Reference map 'yungsbridges.refmap.json' for yungsbridges_forge.mixins.json could not be read. If this is a development environment you can ignore this message
[20:33:31] [main/WARN]: Reference map 'yungsextras.refmap.json' for yungsextras.mixins.json could not be read. If this is a development environment you can ignore this message
[20:33:31] [main/WARN]: Reference map 'yungsextras.refmap.json' for yungsextras_forge.mixins.json could not be read. If this is a development environment you can ignore this message
[20:33:32] [main/INFO]: APPLYING MIXIN: de.keksuccino.auudio.mixin.client.MixinSoundBufferLibrary | TO TARGET: net.minecraft.client.sounds.SoundBufferLibrary
[20:33:32] [main/INFO]: APPLYING MIXIN: de.keksuccino.auudio.mixin.client.MixinSoundEngine | TO TARGET: net.minecraft.client.sounds.SoundEngine
[20:33:32] [main/WARN]: Error loading class: snownee/snow/WorldTickHandler (java.lang.ClassNotFoundException: snownee.snow.WorldTickHandler)
[20:33:32] [main/WARN]: Force-disabling mixin 'ai.poi.PointOfInterestSetMixin' as rule 'mixin.ai.poi' (added by user configuration) disables it and children
[20:33:32] [main/WARN]: Force-disabling mixin 'ai.poi.PointOfInterestStorageMixin' as rule 'mixin.ai.poi' (added by user configuration) disables it and children
[20:33:32] [main/WARN]: Force-disabling mixin 'ai.poi.PointOfInterestTypeMixin' as rule 'mixin.ai.poi' (added by user configuration) disables it and children
[20:33:32] [main/WARN]: Force-disabling mixin 'ai.poi.SerializingRegionBasedStorageMixin' as rule 'mixin.ai.poi' (added by user configuration) disables it and children
[20:33:32] [main/WARN]: Force-disabling mixin 'ai.poi.fast_portals.PortalForcerMixin' as rule 'mixin.ai.poi' (added by user configuration) disables it and children
[20:33:32] [main/WARN]: Force-disabling mixin 'ai.poi.poi.tasks.HideInHomeTaskMixin' as rule 'mixin.ai.poi' (added by user configuration) disables it and children
[20:33:32] [main/WARN]: Force-disabling mixin 'ai.poi.poi.tasks.RaiderEntityAttackHomeGoalMixin' as rule 'mixin.ai.poi' (added by user configuration) disables it and children
[20:33:32] [main/WARN]: Error loading class: snownee/snow/WorldTickHandler (java.lang.ClassNotFoundException: snownee.snow.WorldTickHandler)
[20:33:32] [main/WARN]: Error loading class: snownee/snow/WorldTickHandler (java.lang.ClassNotFoundException: snownee.snow.WorldTickHandler)
[20:33:34] [main/WARN]: @Inject(@At("HEAD")) Shift.BY=1 on blueprint.mixins.json:EntityMixin::handler$zho000$baseTick exceeds the maximum allowed value: 0. Increase the value of maxShiftBy to suppress this warning.
[20:33:34] [pool-3-thread-1/WARN]: Error loading class: snownee/snow/WorldTickHandler (java.lang.ClassNotFoundException: snownee.snow.WorldTickHandler)
